TN:
SF:F:\projects\FE\inventory\src\common\constants\actionTypes.ts
FN:1,(anonymous_1)
FN:1,(anonymous_2)
FNF:2
FNH:1
FNDA:1,(anonymous_1)
FNDA:0,(anonymous_2)
DA:1,1
DA:2,0
DA:3,0
LF:3
LH:1
BRF:0
BRH:0
end_of_record
TN:
SF:F:\projects\FE\inventory\src\components\Hello.spec.ts
FN:1,(anonymous_1)
FN:1,(anonymous_2)
FN:4,(anonymous_3)
FN:5,(anonymous_4)
FNF:4
FNH:4
FNDA:1,(anonymous_1)
FNDA:1,(anonymous_2)
FNDA:1,(anonymous_3)
FNDA:1,(anonymous_4)
DA:1,1
DA:2,1
DA:3,1
DA:4,1
DA:5,1
DA:6,1
LF:6
LH:6
BRF:0
BRH:0
end_of_record
TN:
SF:F:\projects\FE\inventory\src\model\index.ts
FN:1,(anonymous_1)
FN:1,(anonymous_2)
FNF:2
FNH:1
FNDA:1,(anonymous_1)
FNDA:0,(anonymous_2)
DA:1,1
DA:2,0
LF:2
LH:1
BRF:0
BRH:0
end_of_record
TN:
SF:F:\projects\FE\inventory\src\model\inventoryEntity.ts
FN:1,(anonymous_1)
FN:1,(anonymous_2)
FNF:2
FNH:1
FNDA:1,(anonymous_1)
FNDA:0,(anonymous_2)
DA:1,1
DA:2,0
LF:2
LH:1
BRF:0
BRH:0
end_of_record
TN:
SF:F:\projects\FE\inventory\src\reducers\index.ts
FN:1,(anonymous_1)
FN:1,(anonymous_2)
FNF:2
FNH:1
FNDA:1,(anonymous_1)
FNDA:0,(anonymous_2)
DA:1,1
DA:2,0
DA:3,0
DA:4,0
DA:6,0
LF:5
LH:1
BRF:0
BRH:0
end_of_record
TN:
SF:F:\projects\FE\inventory\src\reducers\inventory.ts
FN:1,(anonymous_1)
FN:1,(anonymous_2)
FN:4,(anonymous_3)
FNF:3
FNH:1
FNDA:1,(anonymous_1)
FNDA:0,(anonymous_2)
FNDA:0,(anonymous_3)
DA:1,1
DA:2,0
DA:3,0
DA:4,0
DA:5,0
DA:6,0
DA:8,0
DA:10,0
LF:8
LH:1
BRDA:5,1,0,0
BRDA:5,1,1,0
BRDA:6,2,0,0
BRF:3
BRH:0
end_of_record
TN:
SF:F:\projects\FE\inventory\src\store\index.ts
FN:1,(anonymous_1)
FN:1,(anonymous_2)
FNF:2
FNH:1
FNDA:1,(anonymous_1)
FNDA:0,(anonymous_2)
DA:1,1
DA:2,0
DA:3,0
DA:4,0
DA:5,0
DA:6,0
LF:6
LH:1
BRF:0
BRH:0
end_of_record
